Mensaje I / 00:00:00:000 / Root(00) para top(01)
Mensaje I / 00:00:00:000 / top(01) para kc(02)
Mensaje D / 00:00:00:000 / kc(02) / ... para top(01)
Mensaje D / 00:00:00:000 / top(01) / ... para Root(00)
Mensaje X / 00:00:00:001 / Root(00) / in /      1.00000 para top(01)
Mensaje X / 00:00:00:001 / top(01) / in /      1.00000 para kc(02)
Mensaje D / 00:00:00:001 / kc(02) / 00:00:00:001 para top(01)
Mensaje D / 00:00:00:001 / top(01) / 00:00:00:001 para Root(00)
Mensaje * / 00:00:00:002 / Root(00) para top(01)
Mensaje * / 00:00:00:002 / top(01) para kc(02)
Mensaje Y / 00:00:00:002 / kc(02) / new /      1.00000 para top(01)
Mensaje D / 00:00:00:002 / kc(02) / ... para top(01)
Mensaje Y / 00:00:00:002 / top(01) / new /      1.00000 para Root(00)
Mensaje D / 00:00:00:002 / top(01) / ... para Root(00)
Mensaje X / 00:00:00:011 / Root(00) / in /      1.00000 para top(01)
Mensaje X / 00:00:00:011 / top(01) / in /      1.00000 para kc(02)
Mensaje D / 00:00:00:011 / kc(02) / 00:00:00:001 para top(01)
Mensaje D / 00:00:00:011 / top(01) / 00:00:00:001 para Root(00)
Mensaje * / 00:00:00:012 / Root(00) para top(01)
Mensaje * / 00:00:00:012 / top(01) para kc(02)
Mensaje Y / 00:00:00:012 / kc(02) / new /      1.00000 para top(01)
Mensaje D / 00:00:00:012 / kc(02) / ... para top(01)
Mensaje Y / 00:00:00:012 / top(01) / new /      1.00000 para Root(00)
Mensaje D / 00:00:00:012 / top(01) / ... para Root(00)
Mensaje X / 00:00:00:023 / Root(00) / in /      1.00000 para top(01)
Mensaje X / 00:00:00:023 / top(01) / in /      1.00000 para kc(02)
Mensaje D / 00:00:00:023 / kc(02) / 00:00:00:001 para top(01)
Mensaje D / 00:00:00:023 / top(01) / 00:00:00:001 para Root(00)
Mensaje * / 00:00:00:024 / Root(00) para top(01)
Mensaje * / 00:00:00:024 / top(01) para kc(02)
Mensaje Y / 00:00:00:024 / kc(02) / new /      1.00000 para top(01)
Mensaje D / 00:00:00:024 / kc(02) / ... para top(01)
Mensaje Y / 00:00:00:024 / top(01) / new /      1.00000 para Root(00)
Mensaje D / 00:00:00:024 / top(01) / ... para Root(00)
Mensaje X / 00:00:00:054 / Root(00) / in /      1.00000 para top(01)
Mensaje X / 00:00:00:054 / top(01) / in /      1.00000 para kc(02)
Mensaje D / 00:00:00:054 / kc(02) / 00:00:00:001 para top(01)
Mensaje D / 00:00:00:054 / top(01) / 00:00:00:001 para Root(00)
Mensaje * / 00:00:00:055 / Root(00) para top(01)
Mensaje * / 00:00:00:055 / top(01) para kc(02)
Mensaje Y / 00:00:00:055 / kc(02) / new /      1.00000 para top(01)
Mensaje D / 00:00:00:055 / kc(02) / ... para top(01)
Mensaje Y / 00:00:00:055 / top(01) / new /      1.00000 para Root(00)
Mensaje D / 00:00:00:055 / top(01) / ... para Root(00)
Mensaje X / 00:00:01:001 / Root(00) / in /      1.00000 para top(01)
Mensaje X / 00:00:01:001 / top(01) / in /      1.00000 para kc(02)
Mensaje D / 00:00:01:001 / kc(02) / ... para top(01)
Mensaje D / 00:00:01:001 / top(01) / ... para Root(00)
Mensaje X / 00:00:01:021 / Root(00) / miss /      1.00000 para top(01)
Mensaje X / 00:00:01:021 / top(01) / miss /      1.00000 para kc(02)
Mensaje D / 00:00:01:021 / kc(02) / 00:00:00:001 para top(01)
Mensaje D / 00:00:01:021 / top(01) / 00:00:00:001 para Root(00)
Mensaje * / 00:00:01:022 / Root(00) para top(01)
Mensaje * / 00:00:01:022 / top(01) para kc(02)
Mensaje Y / 00:00:01:022 / kc(02) / new /      1.00000 para top(01)
Mensaje D / 00:00:01:022 / kc(02) / ... para top(01)
Mensaje Y / 00:00:01:022 / top(01) / new /      1.00000 para Root(00)
Mensaje D / 00:00:01:022 / top(01) / ... para Root(00)
Mensaje X / 00:00:01:040 / Root(00) / in /      1.00000 para top(01)
Mensaje X / 00:00:01:040 / top(01) / in /      1.00000 para kc(02)
Mensaje D / 00:00:01:040 / kc(02) / ... para top(01)
Mensaje D / 00:00:01:040 / top(01) / ... para Root(00)
Mensaje X / 00:00:01:055 / Root(00) / miss /      1.00000 para top(01)
Mensaje X / 00:00:01:055 / top(01) / miss /      1.00000 para kc(02)
Mensaje D / 00:00:01:055 / kc(02) / 00:00:00:001 para top(01)
Mensaje D / 00:00:01:055 / top(01) / 00:00:00:001 para Root(00)
Mensaje * / 00:00:01:056 / Root(00) para top(01)
Mensaje * / 00:00:01:056 / top(01) para kc(02)
Mensaje Y / 00:00:01:056 / kc(02) / new /      1.00000 para top(01)
Mensaje D / 00:00:01:056 / kc(02) / ... para top(01)
Mensaje Y / 00:00:01:056 / top(01) / new /      1.00000 para Root(00)
Mensaje D / 00:00:01:056 / top(01) / ... para Root(00)
Mensaje X / 00:00:02:020 / Root(00) / miss /      1.00000 para top(01)
Mensaje X / 00:00:02:020 / top(01) / miss /      1.00000 para kc(02)
Mensaje D / 00:00:02:020 / kc(02) / ... para top(01)
Mensaje D / 00:00:02:020 / top(01) / ... para Root(00)
Mensaje X / 00:00:02:035 / Root(00) / in /      1.00000 para top(01)
Mensaje X / 00:00:02:035 / top(01) / in /      1.00000 para kc(02)
Mensaje D / 00:00:02:035 / kc(02) / 00:00:00:001 para top(01)
Mensaje D / 00:00:02:035 / top(01) / 00:00:00:001 para Root(00)
Mensaje * / 00:00:02:036 / Root(00) para top(01)
Mensaje * / 00:00:02:036 / top(01) para kc(02)
Mensaje Y / 00:00:02:036 / kc(02) / new /      1.00000 para top(01)
Mensaje D / 00:00:02:036 / kc(02) / ... para top(01)
Mensaje Y / 00:00:02:036 / top(01) / new /      1.00000 para Root(00)
Mensaje D / 00:00:02:036 / top(01) / ... para Root(00)
