Mensaje I / 00:00:00:000 / Root(00) para top(01)
Mensaje I / 00:00:00:000 / top(01) para playercount(02)
Mensaje I / 00:00:00:000 / top(01) para player1(03)
Mensaje I / 00:00:00:000 / top(01) para player2(04)
Mensaje I / 00:00:00:000 / top(01) para playerking(05)
Mensaje I / 00:00:00:000 / top(01) para player3(06)
Mensaje D / 00:00:00:000 / playercount(02) / ... para top(01)
Mensaje D / 00:00:00:000 / player1(03) / ... para top(01)
Mensaje D / 00:00:00:000 / player2(04) / ... para top(01)
Mensaje D / 00:00:00:000 / playerking(05) / ... para top(01)
Mensaje D / 00:00:00:000 / player3(06) / ... para top(01)
Mensaje D / 00:00:00:000 / top(01) / ... para Root(00)
Mensaje X / 00:00:00:001 / Root(00) / new /      1.00000 para top(01)
Mensaje X / 00:00:00:001 / top(01) / new /      1.00000 para playercount(02)
Mensaje D / 00:00:00:001 / playercount(02) / ... para top(01)
Mensaje D / 00:00:00:001 / top(01) / ... para Root(00)
Mensaje X / 00:00:00:011 / Root(00) / new /      1.00000 para top(01)
Mensaje X / 00:00:00:011 / top(01) / new /      1.00000 para playercount(02)
Mensaje D / 00:00:00:011 / playercount(02) / ... para top(01)
Mensaje D / 00:00:00:011 / top(01) / ... para Root(00)
Mensaje X / 00:00:00:021 / Root(00) / new /      1.00000 para top(01)
Mensaje X / 00:00:00:021 / top(01) / new /      1.00000 para playercount(02)
Mensaje D / 00:00:00:021 / playercount(02) / ... para top(01)
Mensaje D / 00:00:00:021 / top(01) / ... para Root(00)
Mensaje X / 00:00:00:031 / Root(00) / new /      1.00000 para top(01)
Mensaje X / 00:00:00:031 / top(01) / new /      1.00000 para playercount(02)
Mensaje D / 00:00:00:031 / playercount(02) / 00:00:00:001 para top(01)
Mensaje D / 00:00:00:031 / top(01) / 00:00:00:001 para Root(00)
Mensaje * / 00:00:00:032 / Root(00) para top(01)
Mensaje * / 00:00:00:032 / top(01) para playercount(02)
Mensaje Y / 00:00:00:032 / playercount(02) / play /      5.00000 para top(01)
Mensaje D / 00:00:00:032 / playercount(02) / ... para top(01)
Mensaje X / 00:00:00:032 / top(01) / play /      5.00000 para player1(03)
Mensaje X / 00:00:00:032 / top(01) / play /      5.00000 para player2(04)
Mensaje X / 00:00:00:032 / top(01) / play /      5.00000 para playerking(05)
Mensaje X / 00:00:00:032 / top(01) / play /      5.00000 para player3(06)
Mensaje D / 00:00:00:032 / player1(03) / ... para top(01)
Mensaje D / 00:00:00:032 / player2(04) / ... para top(01)
Mensaje D / 00:00:00:032 / playerking(05) / 00:00:00:001 para top(01)
Mensaje D / 00:00:00:032 / player3(06) / ... para top(01)
Mensaje D / 00:00:00:032 / top(01) / 00:00:00:001 para Root(00)
Mensaje * / 00:00:00:033 / Root(00) para top(01)
Mensaje * / 00:00:00:033 / top(01) para playerking(05)
Mensaje Y / 00:00:00:033 / playerking(05) / bb3 /      4.00000 para top(01)
Mensaje D / 00:00:00:033 / playerking(05) / ... para top(01)
Mensaje X / 00:00:00:033 / top(01) / bb3 /      4.00000 para player3(06)
Mensaje D / 00:00:00:033 / player3(06) / 00:00:00:001 para top(01)
Mensaje D / 00:00:00:033 / top(01) / 00:00:00:001 para Root(00)
Mensaje * / 00:00:00:034 / Root(00) para top(01)
Mensaje * / 00:00:00:034 / top(01) para player3(06)
Mensaje Y / 00:00:00:034 / player3(06) / bb2 /      3.00000 para top(01)
Mensaje D / 00:00:00:034 / player3(06) / ... para top(01)
Mensaje X / 00:00:00:034 / top(01) / bb2 /      3.00000 para player2(04)
Mensaje D / 00:00:00:034 / player2(04) / 00:00:00:001 para top(01)
Mensaje D / 00:00:00:034 / top(01) / 00:00:00:001 para Root(00)
Mensaje * / 00:00:00:035 / Root(00) para top(01)
Mensaje * / 00:00:00:035 / top(01) para player2(04)
Mensaje Y / 00:00:00:035 / player2(04) / bb1 /      2.00000 para top(01)
Mensaje D / 00:00:00:035 / player2(04) / ... para top(01)
Mensaje X / 00:00:00:035 / top(01) / bb1 /      2.00000 para player1(03)
Mensaje D / 00:00:00:035 / player1(03) / 00:00:00:001 para top(01)
Mensaje D / 00:00:00:035 / top(01) / 00:00:00:001 para Root(00)
Mensaje * / 00:00:00:036 / Root(00) para top(01)
Mensaje * / 00:00:00:036 / top(01) para player1(03)
Mensaje Y / 00:00:00:036 / player1(03) / bb2 /      1.00000 para top(01)
Mensaje D / 00:00:00:036 / player1(03) / ... para top(01)
Mensaje X / 00:00:00:036 / top(01) / bb2 /      1.00000 para player2(04)
Mensaje D / 00:00:00:036 / player2(04) / 00:00:00:001 para top(01)
Mensaje D / 00:00:00:036 / top(01) / 00:00:00:001 para Root(00)
Mensaje * / 00:00:00:037 / Root(00) para top(01)
Mensaje * / 00:00:00:037 / top(01) para player2(04)
Mensaje Y / 00:00:00:037 / player2(04) / bbk /      2.00000 para top(01)
Mensaje D / 00:00:00:037 / player2(04) / ... para top(01)
Mensaje X / 00:00:00:037 / top(01) / bbk /      2.00000 para playerking(05)
Mensaje D / 00:00:00:037 / playerking(05) / 00:00:00:001 para top(01)
Mensaje D / 00:00:00:037 / top(01) / 00:00:00:001 para Root(00)
Mensaje * / 00:00:00:038 / Root(00) para top(01)
Mensaje * / 00:00:00:038 / top(01) para playerking(05)
Mensaje Y / 00:00:00:038 / playerking(05) / bb2 /      4.00000 para top(01)
Mensaje D / 00:00:00:038 / playerking(05) / ... para top(01)
Mensaje X / 00:00:00:038 / top(01) / bb2 /      4.00000 para player2(04)
Mensaje D / 00:00:00:038 / player2(04) / 00:00:00:001 para top(01)
Mensaje D / 00:00:00:038 / top(01) / 00:00:00:001 para Root(00)
Mensaje * / 00:00:00:039 / Root(00) para top(01)
Mensaje * / 00:00:00:039 / top(01) para player2(04)
Mensaje Y / 00:00:00:039 / player2(04) / bb1 /      2.00000 para top(01)
Mensaje D / 00:00:00:039 / player2(04) / ... para top(01)
Mensaje X / 00:00:00:039 / top(01) / bb1 /      2.00000 para player1(03)
Mensaje D / 00:00:00:039 / player1(03) / 00:00:00:001 para top(01)
Mensaje D / 00:00:00:039 / top(01) / 00:00:00:001 para Root(00)
Mensaje * / 00:00:00:040 / Root(00) para top(01)
Mensaje * / 00:00:00:040 / top(01) para player1(03)
Mensaje Y / 00:00:00:040 / player1(03) / miss_out /      1.00000 para top(01)
Mensaje D / 00:00:00:040 / player1(03) / ... para top(01)
Mensaje Y / 00:00:00:040 / top(01) / miss /      1.00000 para Root(00)
Mensaje X / 00:00:00:040 / top(01) / miss1 /      1.00000 para playercount(02)
Mensaje X / 00:00:00:040 / top(01) / miss /      1.00000 para player2(04)
Mensaje X / 00:00:00:040 / top(01) / miss /      1.00000 para playerking(05)
Mensaje X / 00:00:00:040 / top(01) / miss /      1.00000 para player3(06)
Mensaje D / 00:00:00:040 / playercount(02) / ... para top(01)
Mensaje D / 00:00:00:040 / player2(04) / ... para top(01)
Mensaje D / 00:00:00:040 / playerking(05) / ... para top(01)
Mensaje D / 00:00:00:040 / player3(06) / ... para top(01)
Mensaje D / 00:00:00:040 / top(01) / ... para Root(00)
Mensaje X / 00:00:04:031 / Root(00) / new /      1.00000 para top(01)
Mensaje X / 00:00:04:031 / top(01) / new /      1.00000 para playercount(02)
Mensaje D / 00:00:04:031 / playercount(02) / 00:00:00:001 para top(01)
Mensaje D / 00:00:04:031 / top(01) / 00:00:00:001 para Root(00)
Mensaje * / 00:00:04:032 / Root(00) para top(01)
Mensaje * / 00:00:04:032 / top(01) para playercount(02)
Mensaje Y / 00:00:04:032 / playercount(02) / play /      5.00000 para top(01)
Mensaje D / 00:00:04:032 / playercount(02) / ... para top(01)
Mensaje X / 00:00:04:032 / top(01) / play /      5.00000 para player1(03)
Mensaje X / 00:00:04:032 / top(01) / play /      5.00000 para player2(04)
Mensaje X / 00:00:04:032 / top(01) / play /      5.00000 para playerking(05)
Mensaje X / 00:00:04:032 / top(01) / play /      5.00000 para player3(06)
Mensaje D / 00:00:04:032 / player1(03) / ... para top(01)
Mensaje D / 00:00:04:032 / player2(04) / ... para top(01)
Mensaje D / 00:00:04:032 / playerking(05) / 00:00:00:001 para top(01)
Mensaje D / 00:00:04:032 / player3(06) / ... para top(01)
Mensaje D / 00:00:04:032 / top(01) / 00:00:00:001 para Root(00)
Mensaje * / 00:00:04:033 / Root(00) para top(01)
Mensaje * / 00:00:04:033 / top(01) para playerking(05)
Mensaje Y / 00:00:04:033 / playerking(05) / bb1 /      4.00000 para top(01)
Mensaje D / 00:00:04:033 / playerking(05) / ... para top(01)
Mensaje X / 00:00:04:033 / top(01) / bb1 /      4.00000 para player1(03)
Mensaje D / 00:00:04:033 / player1(03) / 00:00:00:001 para top(01)
Mensaje D / 00:00:04:033 / top(01) / 00:00:00:001 para Root(00)
Mensaje * / 00:00:04:034 / Root(00) para top(01)
Mensaje * / 00:00:04:034 / top(01) para player1(03)
Mensaje Y / 00:00:04:034 / player1(03) / bbk /      1.00000 para top(01)
Mensaje D / 00:00:04:034 / player1(03) / ... para top(01)
Mensaje X / 00:00:04:034 / top(01) / bbk /      1.00000 para playerking(05)
Mensaje D / 00:00:04:034 / playerking(05) / 00:00:00:001 para top(01)
Mensaje D / 00:00:04:034 / top(01) / 00:00:00:001 para Root(00)
Mensaje * / 00:00:04:035 / Root(00) para top(01)
Mensaje * / 00:00:04:035 / top(01) para playerking(05)
Mensaje Y / 00:00:04:035 / playerking(05) / miss_out /      4.00000 para top(01)
Mensaje D / 00:00:04:035 / playerking(05) / ... para top(01)
Mensaje Y / 00:00:04:035 / top(01) / miss /      4.00000 para Root(00)
Mensaje X / 00:00:04:035 / top(01) / miss4 /      4.00000 para playercount(02)
Mensaje X / 00:00:04:035 / top(01) / miss /      4.00000 para player1(03)
Mensaje X / 00:00:04:035 / top(01) / miss /      4.00000 para player2(04)
Mensaje X / 00:00:04:035 / top(01) / miss /      4.00000 para player3(06)
Mensaje D / 00:00:04:035 / playercount(02) / ... para top(01)
Mensaje D / 00:00:04:035 / player1(03) / ... para top(01)
Mensaje D / 00:00:04:035 / player2(04) / ... para top(01)
Mensaje D / 00:00:04:035 / player3(06) / ... para top(01)
Mensaje D / 00:00:04:035 / top(01) / ... para Root(00)
