Mensaje I / 00:00:00:000 / Root(00) para top(01)
Mensaje I / 00:00:00:000 / top(01) para player2(02)
Mensaje D / 00:00:00:000 / player2(02) / ... para top(01)
Mensaje D / 00:00:00:000 / top(01) / ... para Root(00)
Mensaje X / 00:00:00:001 / Root(00) / play /      1.00000 para top(01)
Mensaje X / 00:00:00:001 / top(01) / play /      1.00000 para player2(02)
Mensaje D / 00:00:00:001 / player2(02) / ... para top(01)
Mensaje D / 00:00:00:001 / top(01) / ... para Root(00)
Mensaje X / 00:00:00:010 / Root(00) / bb2 /      1.00000 para top(01)
Mensaje X / 00:00:00:010 / top(01) / bb2 /      1.00000 para player2(02)
Mensaje D / 00:00:00:010 / player2(02) / 00:00:00:001 para top(01)
Mensaje D / 00:00:00:010 / top(01) / 00:00:00:001 para Root(00)
Mensaje * / 00:00:00:011 / Root(00) para top(01)
Mensaje * / 00:00:00:011 / top(01) para player2(02)
Mensaje Y / 00:00:00:011 / player2(02) / bb1 /      2.00000 para top(01)
Mensaje D / 00:00:00:011 / player2(02) / ... para top(01)
Mensaje Y / 00:00:00:011 / top(01) / bb1 /      2.00000 para Root(00)
Mensaje D / 00:00:00:011 / top(01) / ... para Root(00)
Mensaje X / 00:00:00:030 / Root(00) / bb2 /      4.00000 para top(01)
Mensaje X / 00:00:00:030 / top(01) / bb2 /      4.00000 para player2(02)
Mensaje D / 00:00:00:030 / player2(02) / 00:00:00:001 para top(01)
Mensaje D / 00:00:00:030 / top(01) / 00:00:00:001 para Root(00)
Mensaje X / 00:00:00:031 / Root(00) / miss /      1.00000 para top(01)
Mensaje X / 00:00:00:031 / top(01) / miss /      1.00000 para player2(02)
Mensaje D / 00:00:00:031 / player2(02) / ... para top(01)
Mensaje D / 00:00:00:031 / top(01) / ... para Root(00)
