Mensaje I / 00:00:00:000 / Root(00) para top(01)
Mensaje I / 00:00:00:000 / top(01) para player1(02)
Mensaje D / 00:00:00:000 / player1(02) / ... para top(01)
Mensaje D / 00:00:00:000 / top(01) / ... para Root(00)
Mensaje X / 00:00:00:001 / Root(00) / play /      1.00000 para top(01)
Mensaje X / 00:00:00:001 / top(01) / play /      1.00000 para player1(02)
Mensaje D / 00:00:00:001 / player1(02) / ... para top(01)
Mensaje D / 00:00:00:001 / top(01) / ... para Root(00)
Mensaje X / 00:00:00:010 / Root(00) / bb1 /      2.00000 para top(01)
Mensaje X / 00:00:00:010 / top(01) / bb1 /      2.00000 para player1(02)
Mensaje D / 00:00:00:010 / player1(02) / 00:00:00:001 para top(01)
Mensaje D / 00:00:00:010 / top(01) / 00:00:00:001 para Root(00)
Mensaje * / 00:00:00:011 / Root(00) para top(01)
Mensaje * / 00:00:00:011 / top(01) para player1(02)
Mensaje Y / 00:00:00:011 / player1(02) / bbk /      1.00000 para top(01)
Mensaje D / 00:00:00:011 / player1(02) / ... para top(01)
Mensaje Y / 00:00:00:011 / top(01) / bbk /      1.00000 para Root(00)
Mensaje D / 00:00:00:011 / top(01) / ... para Root(00)
Mensaje X / 00:00:00:030 / Root(00) / bb1 /      4.00000 para top(01)
Mensaje X / 00:00:00:030 / top(01) / bb1 /      4.00000 para player1(02)
Mensaje D / 00:00:00:030 / player1(02) / 00:00:00:001 para top(01)
Mensaje D / 00:00:00:030 / top(01) / 00:00:00:001 para Root(00)
Mensaje * / 00:00:00:031 / Root(00) para top(01)
Mensaje * / 00:00:00:031 / top(01) para player1(02)
Mensaje Y / 00:00:00:031 / player1(02) / bb2 /      1.00000 para top(01)
Mensaje D / 00:00:00:031 / player1(02) / ... para top(01)
Mensaje Y / 00:00:00:031 / top(01) / bb2 /      1.00000 para Root(00)
Mensaje D / 00:00:00:031 / top(01) / ... para Root(00)
Mensaje X / 00:00:00:050 / Root(00) / bb1 /      4.00000 para top(01)
Mensaje X / 00:00:00:050 / top(01) / bb1 /      4.00000 para player1(02)
Mensaje D / 00:00:00:050 / player1(02) / 00:00:00:001 para top(01)
Mensaje D / 00:00:00:050 / top(01) / 00:00:00:001 para Root(00)
Mensaje * / 00:00:00:051 / Root(00) para top(01)
Mensaje * / 00:00:00:051 / top(01) para player1(02)
Mensaje Y / 00:00:00:051 / player1(02) / bbk /      1.00000 para top(01)
Mensaje D / 00:00:00:051 / player1(02) / ... para top(01)
Mensaje Y / 00:00:00:051 / top(01) / bbk /      1.00000 para Root(00)
Mensaje D / 00:00:00:051 / top(01) / ... para Root(00)
Mensaje X / 00:00:02:031 / Root(00) / miss /      1.00000 para top(01)
Mensaje X / 00:00:02:031 / top(01) / miss /      1.00000 para player1(02)
Mensaje D / 00:00:02:031 / player1(02) / ... para top(01)
Mensaje D / 00:00:02:031 / top(01) / ... para Root(00)
