Mensaje I / 00:00:00:000 / Root(00) para top(01)
Mensaje I / 00:00:00:000 / top(01) para playercount(02)
Mensaje D / 00:00:00:000 / playercount(02) / ... para top(01)
Mensaje D / 00:00:00:000 / top(01) / ... para Root(00)
Mensaje X / 00:00:00:001 / Root(00) / new /      1.00000 para top(01)
Mensaje X / 00:00:00:001 / top(01) / new /      1.00000 para playercount(02)
Mensaje D / 00:00:00:001 / playercount(02) / ... para top(01)
Mensaje D / 00:00:00:001 / top(01) / ... para Root(00)
Mensaje X / 00:00:00:010 / Root(00) / new /      2.00000 para top(01)
Mensaje X / 00:00:00:010 / top(01) / new /      2.00000 para playercount(02)
Mensaje D / 00:00:00:010 / playercount(02) / ... para top(01)
Mensaje D / 00:00:00:010 / top(01) / ... para Root(00)
Mensaje X / 00:00:00:030 / Root(00) / new /      3.00000 para top(01)
Mensaje X / 00:00:00:030 / top(01) / new /      3.00000 para playercount(02)
Mensaje D / 00:00:00:030 / playercount(02) / ... para top(01)
Mensaje D / 00:00:00:030 / top(01) / ... para Root(00)
Mensaje X / 00:00:00:040 / Root(00) / new /      4.00000 para top(01)
Mensaje X / 00:00:00:040 / top(01) / new /      4.00000 para playercount(02)
Mensaje D / 00:00:00:040 / playercount(02) / 00:00:00:001 para top(01)
Mensaje D / 00:00:00:040 / top(01) / 00:00:00:001 para Root(00)
Mensaje * / 00:00:00:041 / Root(00) para top(01)
Mensaje * / 00:00:00:041 / top(01) para playercount(02)
Mensaje Y / 00:00:00:041 / playercount(02) / play /      5.00000 para top(01)
Mensaje D / 00:00:00:041 / playercount(02) / ... para top(01)
Mensaje Y / 00:00:00:041 / top(01) / play /      5.00000 para Root(00)
Mensaje D / 00:00:00:041 / top(01) / ... para Root(00)
Mensaje X / 00:00:01:051 / Root(00) / miss3 /      1.00000 para top(01)
Mensaje X / 00:00:01:051 / top(01) / miss3 /      1.00000 para playercount(02)
Mensaje D / 00:00:01:051 / playercount(02) / ... para top(01)
Mensaje D / 00:00:01:051 / top(01) / ... para Root(00)
Mensaje X / 00:00:03:000 / Root(00) / new /      1.00000 para top(01)
Mensaje X / 00:00:03:000 / top(01) / new /      1.00000 para playercount(02)
Mensaje D / 00:00:03:000 / playercount(02) / 00:00:00:001 para top(01)
Mensaje D / 00:00:03:000 / top(01) / 00:00:00:001 para Root(00)
Mensaje * / 00:00:03:001 / Root(00) para top(01)
Mensaje * / 00:00:03:001 / top(01) para playercount(02)
Mensaje Y / 00:00:03:001 / playercount(02) / play /      5.00000 para top(01)
Mensaje D / 00:00:03:001 / playercount(02) / ... para top(01)
Mensaje Y / 00:00:03:001 / top(01) / play /      5.00000 para Root(00)
Mensaje D / 00:00:03:001 / top(01) / ... para Root(00)
