Mensaje I / 00:00:00:000 / Root(00) para top(01)
Mensaje I / 00:00:00:000 / top(01) para playerking(02)
Mensaje D / 00:00:00:000 / playerking(02) / ... para top(01)
Mensaje D / 00:00:00:000 / top(01) / ... para Root(00)
Mensaje X / 00:00:00:001 / Root(00) / play /      1.00000 para top(01)
Mensaje X / 00:00:00:001 / top(01) / play /      1.00000 para playerking(02)
Mensaje D / 00:00:00:001 / playerking(02) / 00:00:00:001 para top(01)
Mensaje D / 00:00:00:001 / top(01) / 00:00:00:001 para Root(00)
Mensaje * / 00:00:00:002 / Root(00) para top(01)
Mensaje * / 00:00:00:002 / top(01) para playerking(02)
Mensaje Y / 00:00:00:002 / playerking(02) / bb2 /      4.00000 para top(01)
Mensaje D / 00:00:00:002 / playerking(02) / ... para top(01)
Mensaje Y / 00:00:00:002 / top(01) / bb2 /      4.00000 para Root(00)
Mensaje D / 00:00:00:002 / top(01) / ... para Root(00)
Mensaje X / 00:00:00:020 / Root(00) / bbk /      2.00000 para top(01)
Mensaje X / 00:00:00:020 / top(01) / bbk /      2.00000 para playerking(02)
Mensaje D / 00:00:00:020 / playerking(02) / 00:00:00:001 para top(01)
Mensaje D / 00:00:00:020 / top(01) / 00:00:00:001 para Root(00)
Mensaje * / 00:00:00:021 / Root(00) para top(01)
Mensaje * / 00:00:00:021 / top(01) para playerking(02)
Mensaje Y / 00:00:00:021 / playerking(02) / bb1 /      4.00000 para top(01)
Mensaje D / 00:00:00:021 / playerking(02) / ... para top(01)
Mensaje Y / 00:00:00:021 / top(01) / bb1 /      4.00000 para Root(00)
Mensaje D / 00:00:00:021 / top(01) / ... para Root(00)
Mensaje X / 00:00:00:040 / Root(00) / bbk /      1.00000 para top(01)
Mensaje X / 00:00:00:040 / top(01) / bbk /      1.00000 para playerking(02)
Mensaje D / 00:00:00:040 / playerking(02) / 00:00:00:001 para top(01)
Mensaje D / 00:00:00:040 / top(01) / 00:00:00:001 para Root(00)
Mensaje * / 00:00:00:041 / Root(00) para top(01)
Mensaje * / 00:00:00:041 / top(01) para playerking(02)
Mensaje Y / 00:00:00:041 / playerking(02) / miss_out /      4.00000 para top(01)
Mensaje D / 00:00:00:041 / playerking(02) / ... para top(01)
Mensaje Y / 00:00:00:041 / top(01) / miss_out /      4.00000 para Root(00)
Mensaje D / 00:00:00:041 / top(01) / ... para Root(00)
Mensaje X / 00:00:00:060 / Root(00) / bbk /      2.00000 para top(01)
Mensaje X / 00:00:00:060 / top(01) / bbk /      2.00000 para playerking(02)
Mensaje D / 00:00:00:060 / playerking(02) / 00:00:00:001 para top(01)
Mensaje D / 00:00:00:060 / top(01) / 00:00:00:001 para Root(00)
Mensaje * / 00:00:00:061 / Root(00) para top(01)
Mensaje * / 00:00:00:061 / top(01) para playerking(02)
Mensaje Y / 00:00:00:061 / playerking(02) / bb3 /      4.00000 para top(01)
Mensaje D / 00:00:00:061 / playerking(02) / ... para top(01)
Mensaje Y / 00:00:00:061 / top(01) / bb3 /      4.00000 para Root(00)
Mensaje D / 00:00:00:061 / top(01) / ... para Root(00)
Mensaje X / 00:00:02:000 / Root(00) / bbk /      1.00000 para top(01)
Mensaje X / 00:00:02:000 / top(01) / bbk /      1.00000 para playerking(02)
Mensaje D / 00:00:02:000 / playerking(02) / 00:00:00:001 para top(01)
Mensaje D / 00:00:02:000 / top(01) / 00:00:00:001 para Root(00)
Mensaje * / 00:00:02:001 / Root(00) para top(01)
Mensaje * / 00:00:02:001 / top(01) para playerking(02)
Mensaje Y / 00:00:02:001 / playerking(02) / miss_out /      4.00000 para top(01)
Mensaje D / 00:00:02:001 / playerking(02) / ... para top(01)
Mensaje Y / 00:00:02:001 / top(01) / miss_out /      4.00000 para Root(00)
Mensaje D / 00:00:02:001 / top(01) / ... para Root(00)
Mensaje X / 00:00:02:041 / Root(00) / miss /      1.00000 para top(01)
Mensaje X / 00:00:02:041 / top(01) / miss /      1.00000 para playerking(02)
Mensaje D / 00:00:02:041 / playerking(02) / 00:00:00:001 para top(01)
Mensaje D / 00:00:02:041 / top(01) / 00:00:00:001 para Root(00)
Mensaje * / 00:00:02:042 / Root(00) para top(01)
Mensaje * / 00:00:02:042 / top(01) para playerking(02)
Mensaje Y / 00:00:02:042 / playerking(02) / miss_out /      4.00000 para top(01)
Mensaje D / 00:00:02:042 / playerking(02) / ... para top(01)
Mensaje Y / 00:00:02:042 / top(01) / miss_out /      4.00000 para Root(00)
Mensaje D / 00:00:02:042 / top(01) / ... para Root(00)
