Mensaje I / 00:00:00:000 / Root(00) para top(01)
Mensaje I / 00:00:00:000 / top(01) para kingscourt(02)
Mensaje I / 00:00:00:000 / top(01) para kc(08)
Mensaje I / 00:00:00:000 / kingscourt(02) para playercount(03)
Mensaje I / 00:00:00:000 / kingscourt(02) para player1(04)
Mensaje I / 00:00:00:000 / kingscourt(02) para player2(05)
Mensaje I / 00:00:00:000 / kingscourt(02) para playerking(06)
Mensaje I / 00:00:00:000 / kingscourt(02) para player3(07)
Mensaje D / 00:00:00:000 / kc(08) / ... para top(01)
Mensaje D / 00:00:00:000 / playercount(03) / ... para kingscourt(02)
Mensaje D / 00:00:00:000 / player1(04) / ... para kingscourt(02)
Mensaje D / 00:00:00:000 / player2(05) / ... para kingscourt(02)
Mensaje D / 00:00:00:000 / playerking(06) / ... para kingscourt(02)
Mensaje D / 00:00:00:000 / player3(07) / ... para kingscourt(02)
Mensaje D / 00:00:00:000 / kingscourt(02) / ... para top(01)
Mensaje D / 00:00:00:000 / top(01) / ... para Root(00)
Mensaje X / 00:00:00:001 / Root(00) / in /      1.00000 para top(01)
Mensaje X / 00:00:00:001 / top(01) / in /      1.00000 para kc(08)
Mensaje D / 00:00:00:001 / kc(08) / 00:00:00:001 para top(01)
Mensaje D / 00:00:00:001 / top(01) / 00:00:00:001 para Root(00)
Mensaje * / 00:00:00:002 / Root(00) para top(01)
Mensaje * / 00:00:00:002 / top(01) para kc(08)
Mensaje Y / 00:00:00:002 / kc(08) / new /      1.00000 para top(01)
Mensaje D / 00:00:00:002 / kc(08) / ... para top(01)
Mensaje X / 00:00:00:002 / top(01) / new /      1.00000 para kingscourt(02)
Mensaje X / 00:00:00:002 / kingscourt(02) / new /      1.00000 para playercount(03)
Mensaje D / 00:00:00:002 / playercount(03) / ... para kingscourt(02)
Mensaje D / 00:00:00:002 / kingscourt(02) / ... para top(01)
Mensaje D / 00:00:00:002 / top(01) / ... para Root(00)
Mensaje X / 00:00:00:011 / Root(00) / in /      1.00000 para top(01)
Mensaje X / 00:00:00:011 / top(01) / in /      1.00000 para kc(08)
Mensaje D / 00:00:00:011 / kc(08) / 00:00:00:001 para top(01)
Mensaje D / 00:00:00:011 / top(01) / 00:00:00:001 para Root(00)
Mensaje * / 00:00:00:012 / Root(00) para top(01)
Mensaje * / 00:00:00:012 / top(01) para kc(08)
Mensaje Y / 00:00:00:012 / kc(08) / new /      1.00000 para top(01)
Mensaje D / 00:00:00:012 / kc(08) / ... para top(01)
Mensaje X / 00:00:00:012 / top(01) / new /      1.00000 para kingscourt(02)
Mensaje X / 00:00:00:012 / kingscourt(02) / new /      1.00000 para playercount(03)
Mensaje D / 00:00:00:012 / playercount(03) / ... para kingscourt(02)
Mensaje D / 00:00:00:012 / kingscourt(02) / ... para top(01)
Mensaje D / 00:00:00:012 / top(01) / ... para Root(00)
Mensaje X / 00:00:00:023 / Root(00) / in /      1.00000 para top(01)
Mensaje X / 00:00:00:023 / top(01) / in /      1.00000 para kc(08)
Mensaje D / 00:00:00:023 / kc(08) / 00:00:00:001 para top(01)
Mensaje D / 00:00:00:023 / top(01) / 00:00:00:001 para Root(00)
Mensaje * / 00:00:00:024 / Root(00) para top(01)
Mensaje * / 00:00:00:024 / top(01) para kc(08)
Mensaje Y / 00:00:00:024 / kc(08) / new /      1.00000 para top(01)
Mensaje D / 00:00:00:024 / kc(08) / ... para top(01)
Mensaje X / 00:00:00:024 / top(01) / new /      1.00000 para kingscourt(02)
Mensaje X / 00:00:00:024 / kingscourt(02) / new /      1.00000 para playercount(03)
Mensaje D / 00:00:00:024 / playercount(03) / ... para kingscourt(02)
Mensaje D / 00:00:00:024 / kingscourt(02) / ... para top(01)
Mensaje D / 00:00:00:024 / top(01) / ... para Root(00)
Mensaje X / 00:00:00:035 / Root(00) / in /      1.00000 para top(01)
Mensaje X / 00:00:00:035 / top(01) / in /      1.00000 para kc(08)
Mensaje D / 00:00:00:035 / kc(08) / 00:00:00:001 para top(01)
Mensaje D / 00:00:00:035 / top(01) / 00:00:00:001 para Root(00)
Mensaje * / 00:00:00:036 / Root(00) para top(01)
Mensaje * / 00:00:00:036 / top(01) para kc(08)
Mensaje Y / 00:00:00:036 / kc(08) / new /      1.00000 para top(01)
Mensaje D / 00:00:00:036 / kc(08) / ... para top(01)
Mensaje X / 00:00:00:036 / top(01) / new /      1.00000 para kingscourt(02)
Mensaje X / 00:00:00:036 / kingscourt(02) / new /      1.00000 para playercount(03)
Mensaje D / 00:00:00:036 / playercount(03) / 00:00:00:001 para kingscourt(02)
Mensaje D / 00:00:00:036 / kingscourt(02) / 00:00:00:001 para top(01)
Mensaje D / 00:00:00:036 / top(01) / 00:00:00:001 para Root(00)
Mensaje * / 00:00:00:037 / Root(00) para top(01)
Mensaje * / 00:00:00:037 / top(01) para kingscourt(02)
Mensaje * / 00:00:00:037 / kingscourt(02) para playercount(03)
Mensaje Y / 00:00:00:037 / playercount(03) / play /      5.00000 para kingscourt(02)
Mensaje D / 00:00:00:037 / playercount(03) / ... para kingscourt(02)
Mensaje X / 00:00:00:037 / kingscourt(02) / play /      5.00000 para player1(04)
Mensaje X / 00:00:00:037 / kingscourt(02) / play /      5.00000 para player2(05)
Mensaje X / 00:00:00:037 / kingscourt(02) / play /      5.00000 para playerking(06)
Mensaje X / 00:00:00:037 / kingscourt(02) / play /      5.00000 para player3(07)
Mensaje D / 00:00:00:037 / player1(04) / ... para kingscourt(02)
Mensaje D / 00:00:00:037 / player2(05) / ... para kingscourt(02)
Mensaje D / 00:00:00:037 / playerking(06) / 00:00:00:001 para kingscourt(02)
Mensaje D / 00:00:00:037 / player3(07) / ... para kingscourt(02)
Mensaje D / 00:00:00:037 / kingscourt(02) / 00:00:00:001 para top(01)
Mensaje D / 00:00:00:037 / top(01) / 00:00:00:001 para Root(00)
Mensaje * / 00:00:00:038 / Root(00) para top(01)
Mensaje * / 00:00:00:038 / top(01) para kingscourt(02)
Mensaje * / 00:00:00:038 / kingscourt(02) para playerking(06)
Mensaje Y / 00:00:00:038 / playerking(06) / bb2 /      4.00000 para kingscourt(02)
Mensaje D / 00:00:00:038 / playerking(06) / ... para kingscourt(02)
Mensaje X / 00:00:00:038 / kingscourt(02) / bb2 /      4.00000 para player2(05)
Mensaje D / 00:00:00:038 / player2(05) / 00:00:00:001 para kingscourt(02)
Mensaje D / 00:00:00:038 / kingscourt(02) / 00:00:00:001 para top(01)
Mensaje D / 00:00:00:038 / top(01) / 00:00:00:001 para Root(00)
Mensaje * / 00:00:00:039 / Root(00) para top(01)
Mensaje * / 00:00:00:039 / top(01) para kingscourt(02)
Mensaje * / 00:00:00:039 / kingscourt(02) para player2(05)
Mensaje Y / 00:00:00:039 / player2(05) / miss_out /      2.00000 para kingscourt(02)
Mensaje D / 00:00:00:039 / player2(05) / ... para kingscourt(02)
Mensaje Y / 00:00:00:039 / kingscourt(02) / miss /      2.00000 para top(01)
Mensaje X / 00:00:00:039 / kingscourt(02) / miss2 /      2.00000 para playercount(03)
Mensaje X / 00:00:00:039 / kingscourt(02) / miss /      2.00000 para player1(04)
Mensaje X / 00:00:00:039 / kingscourt(02) / miss /      2.00000 para playerking(06)
Mensaje X / 00:00:00:039 / kingscourt(02) / miss /      2.00000 para player3(07)
Mensaje X / 00:00:00:039 / top(01) / miss /      2.00000 para kc(08)
Mensaje D / 00:00:00:039 / playercount(03) / ... para kingscourt(02)
Mensaje D / 00:00:00:039 / player1(04) / ... para kingscourt(02)
Mensaje D / 00:00:00:039 / playerking(06) / ... para kingscourt(02)
Mensaje D / 00:00:00:039 / player3(07) / ... para kingscourt(02)
Mensaje D / 00:00:00:039 / kc(08) / ... para top(01)
Mensaje D / 00:00:00:039 / kingscourt(02) / ... para top(01)
Mensaje D / 00:00:00:039 / top(01) / ... para Root(00)
Mensaje X / 00:00:00:050 / Root(00) / in /      1.00000 para top(01)
Mensaje X / 00:00:00:050 / top(01) / in /      1.00000 para kc(08)
Mensaje D / 00:00:00:050 / kc(08) / 00:00:00:001 para top(01)
Mensaje D / 00:00:00:050 / top(01) / 00:00:00:001 para Root(00)
Mensaje X / 00:00:00:051 / Root(00) / in /      1.00000 para top(01)
Mensaje X / 00:00:00:051 / top(01) / in /      1.00000 para kc(08)
Mensaje D / 00:00:00:051 / kc(08) / 00:00:00:000 para top(01)
Mensaje D / 00:00:00:051 / top(01) / 00:00:00:000 para Root(00)
Mensaje * / 00:00:00:051 / Root(00) para top(01)
Mensaje * / 00:00:00:051 / top(01) para kc(08)
Mensaje Y / 00:00:00:051 / kc(08) / new /      1.00000 para top(01)
Mensaje D / 00:00:00:051 / kc(08) / ... para top(01)
Mensaje X / 00:00:00:051 / top(01) / new /      1.00000 para kingscourt(02)
Mensaje X / 00:00:00:051 / kingscourt(02) / new /      1.00000 para playercount(03)
Mensaje D / 00:00:00:051 / playercount(03) / 00:00:00:001 para kingscourt(02)
Mensaje D / 00:00:00:051 / kingscourt(02) / 00:00:00:001 para top(01)
Mensaje D / 00:00:00:051 / top(01) / 00:00:00:001 para Root(00)
Mensaje X / 00:00:00:052 / Root(00) / in /      1.00000 para top(01)
Mensaje X / 00:00:00:052 / top(01) / in /      1.00000 para kc(08)
Mensaje D / 00:00:00:052 / kc(08) / ... para top(01)
Mensaje D / 00:00:00:052 / top(01) / 00:00:00:000 para Root(00)
Mensaje * / 00:00:00:052 / Root(00) para top(01)
Mensaje * / 00:00:00:052 / top(01) para kingscourt(02)
Mensaje * / 00:00:00:052 / kingscourt(02) para playercount(03)
Mensaje Y / 00:00:00:052 / playercount(03) / play /      5.00000 para kingscourt(02)
Mensaje D / 00:00:00:052 / playercount(03) / ... para kingscourt(02)
Mensaje X / 00:00:00:052 / kingscourt(02) / play /      5.00000 para player1(04)
Mensaje X / 00:00:00:052 / kingscourt(02) / play /      5.00000 para player2(05)
Mensaje X / 00:00:00:052 / kingscourt(02) / play /      5.00000 para playerking(06)
Mensaje X / 00:00:00:052 / kingscourt(02) / play /      5.00000 para player3(07)
Mensaje D / 00:00:00:052 / player1(04) / ... para kingscourt(02)
Mensaje D / 00:00:00:052 / player2(05) / ... para kingscourt(02)
Mensaje D / 00:00:00:052 / playerking(06) / 00:00:00:001 para kingscourt(02)
Mensaje D / 00:00:00:052 / player3(07) / ... para kingscourt(02)
Mensaje D / 00:00:00:052 / kingscourt(02) / 00:00:00:001 para top(01)
Mensaje D / 00:00:00:052 / top(01) / 00:00:00:001 para Root(00)
Mensaje * / 00:00:00:053 / Root(00) para top(01)
Mensaje * / 00:00:00:053 / top(01) para kingscourt(02)
Mensaje * / 00:00:00:053 / kingscourt(02) para playerking(06)
Mensaje Y / 00:00:00:053 / playerking(06) / bb3 /      4.00000 para kingscourt(02)
Mensaje D / 00:00:00:053 / playerking(06) / ... para kingscourt(02)
Mensaje X / 00:00:00:053 / kingscourt(02) / bb3 /      4.00000 para player3(07)
Mensaje D / 00:00:00:053 / player3(07) / 00:00:00:001 para kingscourt(02)
Mensaje D / 00:00:00:053 / kingscourt(02) / 00:00:00:001 para top(01)
Mensaje D / 00:00:00:053 / top(01) / 00:00:00:001 para Root(00)
Mensaje * / 00:00:00:054 / Root(00) para top(01)
Mensaje * / 00:00:00:054 / top(01) para kingscourt(02)
Mensaje * / 00:00:00:054 / kingscourt(02) para player3(07)
Mensaje Y / 00:00:00:054 / player3(07) / bbk /      3.00000 para kingscourt(02)
Mensaje D / 00:00:00:054 / player3(07) / ... para kingscourt(02)
Mensaje X / 00:00:00:054 / kingscourt(02) / bbk /      3.00000 para playerking(06)
Mensaje D / 00:00:00:054 / playerking(06) / 00:00:00:001 para kingscourt(02)
Mensaje D / 00:00:00:054 / kingscourt(02) / 00:00:00:001 para top(01)
Mensaje D / 00:00:00:054 / top(01) / 00:00:00:001 para Root(00)
Mensaje * / 00:00:00:055 / Root(00) para top(01)
Mensaje * / 00:00:00:055 / top(01) para kingscourt(02)
Mensaje * / 00:00:00:055 / kingscourt(02) para playerking(06)
Mensaje Y / 00:00:00:055 / playerking(06) / bb1 /      4.00000 para kingscourt(02)
Mensaje D / 00:00:00:055 / playerking(06) / ... para kingscourt(02)
Mensaje X / 00:00:00:055 / kingscourt(02) / bb1 /      4.00000 para player1(04)
Mensaje D / 00:00:00:055 / player1(04) / 00:00:00:001 para kingscourt(02)
Mensaje D / 00:00:00:055 / kingscourt(02) / 00:00:00:001 para top(01)
Mensaje D / 00:00:00:055 / top(01) / 00:00:00:001 para Root(00)
Mensaje * / 00:00:00:056 / Root(00) para top(01)
Mensaje * / 00:00:00:056 / top(01) para kingscourt(02)
Mensaje * / 00:00:00:056 / kingscourt(02) para player1(04)
Mensaje Y / 00:00:00:056 / player1(04) / bb2 /      1.00000 para kingscourt(02)
Mensaje D / 00:00:00:056 / player1(04) / ... para kingscourt(02)
Mensaje X / 00:00:00:056 / kingscourt(02) / bb2 /      1.00000 para player2(05)
Mensaje D / 00:00:00:056 / player2(05) / 00:00:00:001 para kingscourt(02)
Mensaje D / 00:00:00:056 / kingscourt(02) / 00:00:00:001 para top(01)
Mensaje D / 00:00:00:056 / top(01) / 00:00:00:001 para Root(00)
Mensaje * / 00:00:00:057 / Root(00) para top(01)
Mensaje * / 00:00:00:057 / top(01) para kingscourt(02)
Mensaje * / 00:00:00:057 / kingscourt(02) para player2(05)
Mensaje Y / 00:00:00:057 / player2(05) / miss_out /      2.00000 para kingscourt(02)
Mensaje D / 00:00:00:057 / player2(05) / ... para kingscourt(02)
Mensaje Y / 00:00:00:057 / kingscourt(02) / miss /      2.00000 para top(01)
Mensaje X / 00:00:00:057 / kingscourt(02) / miss2 /      2.00000 para playercount(03)
Mensaje X / 00:00:00:057 / kingscourt(02) / miss /      2.00000 para player1(04)
Mensaje X / 00:00:00:057 / kingscourt(02) / miss /      2.00000 para playerking(06)
Mensaje X / 00:00:00:057 / kingscourt(02) / miss /      2.00000 para player3(07)
Mensaje X / 00:00:00:057 / top(01) / miss /      2.00000 para kc(08)
Mensaje D / 00:00:00:057 / playercount(03) / ... para kingscourt(02)
Mensaje D / 00:00:00:057 / player1(04) / ... para kingscourt(02)
Mensaje D / 00:00:00:057 / playerking(06) / ... para kingscourt(02)
Mensaje D / 00:00:00:057 / player3(07) / ... para kingscourt(02)
Mensaje D / 00:00:00:057 / kc(08) / 00:00:00:001 para top(01)
Mensaje D / 00:00:00:057 / kingscourt(02) / ... para top(01)
Mensaje D / 00:00:00:057 / top(01) / 00:00:00:001 para Root(00)
Mensaje * / 00:00:00:058 / Root(00) para top(01)
Mensaje * / 00:00:00:058 / top(01) para kc(08)
Mensaje Y / 00:00:00:058 / kc(08) / new /      1.00000 para top(01)
Mensaje D / 00:00:00:058 / kc(08) / ... para top(01)
Mensaje X / 00:00:00:058 / top(01) / new /      1.00000 para kingscourt(02)
Mensaje X / 00:00:00:058 / kingscourt(02) / new /      1.00000 para playercount(03)
Mensaje D / 00:00:00:058 / playercount(03) / 00:00:00:001 para kingscourt(02)
Mensaje D / 00:00:00:058 / kingscourt(02) / 00:00:00:001 para top(01)
Mensaje D / 00:00:00:058 / top(01) / 00:00:00:001 para Root(00)
Mensaje * / 00:00:00:059 / Root(00) para top(01)
Mensaje * / 00:00:00:059 / top(01) para kingscourt(02)
Mensaje * / 00:00:00:059 / kingscourt(02) para playercount(03)
Mensaje Y / 00:00:00:059 / playercount(03) / play /      5.00000 para kingscourt(02)
Mensaje D / 00:00:00:059 / playercount(03) / ... para kingscourt(02)
Mensaje X / 00:00:00:059 / kingscourt(02) / play /      5.00000 para player1(04)
Mensaje X / 00:00:00:059 / kingscourt(02) / play /      5.00000 para player2(05)
Mensaje X / 00:00:00:059 / kingscourt(02) / play /      5.00000 para playerking(06)
Mensaje X / 00:00:00:059 / kingscourt(02) / play /      5.00000 para player3(07)
Mensaje D / 00:00:00:059 / player1(04) / ... para kingscourt(02)
Mensaje D / 00:00:00:059 / player2(05) / ... para kingscourt(02)
Mensaje D / 00:00:00:059 / playerking(06) / 00:00:00:001 para kingscourt(02)
Mensaje D / 00:00:00:059 / player3(07) / ... para kingscourt(02)
Mensaje D / 00:00:00:059 / kingscourt(02) / 00:00:00:001 para top(01)
Mensaje D / 00:00:00:059 / top(01) / 00:00:00:001 para Root(00)
Mensaje * / 00:00:00:060 / Root(00) para top(01)
Mensaje * / 00:00:00:060 / top(01) para kingscourt(02)
Mensaje * / 00:00:00:060 / kingscourt(02) para playerking(06)
Mensaje Y / 00:00:00:060 / playerking(06) / bb3 /      4.00000 para kingscourt(02)
Mensaje D / 00:00:00:060 / playerking(06) / ... para kingscourt(02)
Mensaje X / 00:00:00:060 / kingscourt(02) / bb3 /      4.00000 para player3(07)
Mensaje D / 00:00:00:060 / player3(07) / 00:00:00:001 para kingscourt(02)
Mensaje D / 00:00:00:060 / kingscourt(02) / 00:00:00:001 para top(01)
Mensaje D / 00:00:00:060 / top(01) / 00:00:00:001 para Root(00)
Mensaje * / 00:00:00:061 / Root(00) para top(01)
Mensaje * / 00:00:00:061 / top(01) para kingscourt(02)
Mensaje * / 00:00:00:061 / kingscourt(02) para player3(07)
Mensaje Y / 00:00:00:061 / player3(07) / bbk /      3.00000 para kingscourt(02)
Mensaje D / 00:00:00:061 / player3(07) / ... para kingscourt(02)
Mensaje X / 00:00:00:061 / kingscourt(02) / bbk /      3.00000 para playerking(06)
Mensaje D / 00:00:00:061 / playerking(06) / 00:00:00:001 para kingscourt(02)
Mensaje D / 00:00:00:061 / kingscourt(02) / 00:00:00:001 para top(01)
Mensaje D / 00:00:00:061 / top(01) / 00:00:00:001 para Root(00)
Mensaje * / 00:00:00:062 / Root(00) para top(01)
Mensaje * / 00:00:00:062 / top(01) para kingscourt(02)
Mensaje * / 00:00:00:062 / kingscourt(02) para playerking(06)
Mensaje Y / 00:00:00:062 / playerking(06) / bb2 /      4.00000 para kingscourt(02)
Mensaje D / 00:00:00:062 / playerking(06) / ... para kingscourt(02)
Mensaje X / 00:00:00:062 / kingscourt(02) / bb2 /      4.00000 para player2(05)
Mensaje D / 00:00:00:062 / player2(05) / 00:00:00:001 para kingscourt(02)
Mensaje D / 00:00:00:062 / kingscourt(02) / 00:00:00:001 para top(01)
Mensaje D / 00:00:00:062 / top(01) / 00:00:00:001 para Root(00)
Mensaje * / 00:00:00:063 / Root(00) para top(01)
Mensaje * / 00:00:00:063 / top(01) para kingscourt(02)
Mensaje * / 00:00:00:063 / kingscourt(02) para player2(05)
Mensaje Y / 00:00:00:063 / player2(05) / miss_out /      2.00000 para kingscourt(02)
Mensaje D / 00:00:00:063 / player2(05) / ... para kingscourt(02)
Mensaje Y / 00:00:00:063 / kingscourt(02) / miss /      2.00000 para top(01)
Mensaje X / 00:00:00:063 / kingscourt(02) / miss2 /      2.00000 para playercount(03)
Mensaje X / 00:00:00:063 / kingscourt(02) / miss /      2.00000 para player1(04)
Mensaje X / 00:00:00:063 / kingscourt(02) / miss /      2.00000 para playerking(06)
Mensaje X / 00:00:00:063 / kingscourt(02) / miss /      2.00000 para player3(07)
Mensaje X / 00:00:00:063 / top(01) / miss /      2.00000 para kc(08)
Mensaje D / 00:00:00:063 / playercount(03) / ... para kingscourt(02)
Mensaje D / 00:00:00:063 / player1(04) / ... para kingscourt(02)
Mensaje D / 00:00:00:063 / playerking(06) / ... para kingscourt(02)
Mensaje D / 00:00:00:063 / player3(07) / ... para kingscourt(02)
Mensaje D / 00:00:00:063 / kc(08) / 00:00:00:001 para top(01)
Mensaje D / 00:00:00:063 / kingscourt(02) / ... para top(01)
Mensaje D / 00:00:00:063 / top(01) / 00:00:00:001 para Root(00)
Mensaje * / 00:00:00:064 / Root(00) para top(01)
Mensaje * / 00:00:00:064 / top(01) para kc(08)
Mensaje Y / 00:00:00:064 / kc(08) / new /      1.00000 para top(01)
Mensaje D / 00:00:00:064 / kc(08) / ... para top(01)
Mensaje X / 00:00:00:064 / top(01) / new /      1.00000 para kingscourt(02)
Mensaje X / 00:00:00:064 / kingscourt(02) / new /      1.00000 para playercount(03)
Mensaje D / 00:00:00:064 / playercount(03) / 00:00:00:001 para kingscourt(02)
Mensaje D / 00:00:00:064 / kingscourt(02) / 00:00:00:001 para top(01)
Mensaje D / 00:00:00:064 / top(01) / 00:00:00:001 para Root(00)
Mensaje * / 00:00:00:065 / Root(00) para top(01)
Mensaje * / 00:00:00:065 / top(01) para kingscourt(02)
Mensaje * / 00:00:00:065 / kingscourt(02) para playercount(03)
Mensaje Y / 00:00:00:065 / playercount(03) / play /      5.00000 para kingscourt(02)
Mensaje D / 00:00:00:065 / playercount(03) / ... para kingscourt(02)
Mensaje X / 00:00:00:065 / kingscourt(02) / play /      5.00000 para player1(04)
Mensaje X / 00:00:00:065 / kingscourt(02) / play /      5.00000 para player2(05)
Mensaje X / 00:00:00:065 / kingscourt(02) / play /      5.00000 para playerking(06)
Mensaje X / 00:00:00:065 / kingscourt(02) / play /      5.00000 para player3(07)
Mensaje D / 00:00:00:065 / player1(04) / ... para kingscourt(02)
Mensaje D / 00:00:00:065 / player2(05) / ... para kingscourt(02)
Mensaje D / 00:00:00:065 / playerking(06) / 00:00:00:001 para kingscourt(02)
Mensaje D / 00:00:00:065 / player3(07) / ... para kingscourt(02)
Mensaje D / 00:00:00:065 / kingscourt(02) / 00:00:00:001 para top(01)
Mensaje D / 00:00:00:065 / top(01) / 00:00:00:001 para Root(00)
Mensaje * / 00:00:00:066 / Root(00) para top(01)
Mensaje * / 00:00:00:066 / top(01) para kingscourt(02)
Mensaje * / 00:00:00:066 / kingscourt(02) para playerking(06)
Mensaje Y / 00:00:00:066 / playerking(06) / bb2 /      4.00000 para kingscourt(02)
Mensaje D / 00:00:00:066 / playerking(06) / ... para kingscourt(02)
Mensaje X / 00:00:00:066 / kingscourt(02) / bb2 /      4.00000 para player2(05)
Mensaje D / 00:00:00:066 / player2(05) / 00:00:00:001 para kingscourt(02)
Mensaje D / 00:00:00:066 / kingscourt(02) / 00:00:00:001 para top(01)
Mensaje D / 00:00:00:066 / top(01) / 00:00:00:001 para Root(00)
Mensaje * / 00:00:00:067 / Root(00) para top(01)
Mensaje * / 00:00:00:067 / top(01) para kingscourt(02)
Mensaje * / 00:00:00:067 / kingscourt(02) para player2(05)
Mensaje Y / 00:00:00:067 / player2(05) / bb3 /      2.00000 para kingscourt(02)
Mensaje D / 00:00:00:067 / player2(05) / ... para kingscourt(02)
Mensaje X / 00:00:00:067 / kingscourt(02) / bb3 /      2.00000 para player3(07)
Mensaje D / 00:00:00:067 / player3(07) / 00:00:00:001 para kingscourt(02)
Mensaje D / 00:00:00:067 / kingscourt(02) / 00:00:00:001 para top(01)
Mensaje D / 00:00:00:067 / top(01) / 00:00:00:001 para Root(00)
Mensaje * / 00:00:00:068 / Root(00) para top(01)
Mensaje * / 00:00:00:068 / top(01) para kingscourt(02)
Mensaje * / 00:00:00:068 / kingscourt(02) para player3(07)
Mensaje Y / 00:00:00:068 / player3(07) / bb2 /      3.00000 para kingscourt(02)
Mensaje D / 00:00:00:068 / player3(07) / ... para kingscourt(02)
Mensaje X / 00:00:00:068 / kingscourt(02) / bb2 /      3.00000 para player2(05)
Mensaje D / 00:00:00:068 / player2(05) / 00:00:00:001 para kingscourt(02)
Mensaje D / 00:00:00:068 / kingscourt(02) / 00:00:00:001 para top(01)
Mensaje D / 00:00:00:068 / top(01) / 00:00:00:001 para Root(00)
Mensaje * / 00:00:00:069 / Root(00) para top(01)
Mensaje * / 00:00:00:069 / top(01) para kingscourt(02)
Mensaje * / 00:00:00:069 / kingscourt(02) para player2(05)
Mensaje Y / 00:00:00:069 / player2(05) / bbk /      2.00000 para kingscourt(02)
Mensaje D / 00:00:00:069 / player2(05) / ... para kingscourt(02)
Mensaje X / 00:00:00:069 / kingscourt(02) / bbk /      2.00000 para playerking(06)
Mensaje D / 00:00:00:069 / playerking(06) / 00:00:00:001 para kingscourt(02)
Mensaje D / 00:00:00:069 / kingscourt(02) / 00:00:00:001 para top(01)
Mensaje D / 00:00:00:069 / top(01) / 00:00:00:001 para Root(00)
Mensaje * / 00:00:00:070 / Root(00) para top(01)
Mensaje * / 00:00:00:070 / top(01) para kingscourt(02)
Mensaje * / 00:00:00:070 / kingscourt(02) para playerking(06)
Mensaje Y / 00:00:00:070 / playerking(06) / bb1 /      4.00000 para kingscourt(02)
Mensaje D / 00:00:00:070 / playerking(06) / ... para kingscourt(02)
Mensaje X / 00:00:00:070 / kingscourt(02) / bb1 /      4.00000 para player1(04)
Mensaje D / 00:00:00:070 / player1(04) / 00:00:00:001 para kingscourt(02)
Mensaje D / 00:00:00:070 / kingscourt(02) / 00:00:00:001 para top(01)
Mensaje D / 00:00:00:070 / top(01) / 00:00:00:001 para Root(00)
Mensaje * / 00:00:00:071 / Root(00) para top(01)
Mensaje * / 00:00:00:071 / top(01) para kingscourt(02)
Mensaje * / 00:00:00:071 / kingscourt(02) para player1(04)
Mensaje Y / 00:00:00:071 / player1(04) / bbk /      1.00000 para kingscourt(02)
Mensaje D / 00:00:00:071 / player1(04) / ... para kingscourt(02)
Mensaje X / 00:00:00:071 / kingscourt(02) / bbk /      1.00000 para playerking(06)
Mensaje D / 00:00:00:071 / playerking(06) / 00:00:00:001 para kingscourt(02)
Mensaje D / 00:00:00:071 / kingscourt(02) / 00:00:00:001 para top(01)
Mensaje D / 00:00:00:071 / top(01) / 00:00:00:001 para Root(00)
Mensaje * / 00:00:00:072 / Root(00) para top(01)
Mensaje * / 00:00:00:072 / top(01) para kingscourt(02)
Mensaje * / 00:00:00:072 / kingscourt(02) para playerking(06)
Mensaje Y / 00:00:00:072 / playerking(06) / bb2 /      4.00000 para kingscourt(02)
Mensaje D / 00:00:00:072 / playerking(06) / ... para kingscourt(02)
Mensaje X / 00:00:00:072 / kingscourt(02) / bb2 /      4.00000 para player2(05)
Mensaje D / 00:00:00:072 / player2(05) / 00:00:00:001 para kingscourt(02)
Mensaje D / 00:00:00:072 / kingscourt(02) / 00:00:00:001 para top(01)
Mensaje D / 00:00:00:072 / top(01) / 00:00:00:001 para Root(00)
Mensaje * / 00:00:00:073 / Root(00) para top(01)
Mensaje * / 00:00:00:073 / top(01) para kingscourt(02)
Mensaje * / 00:00:00:073 / kingscourt(02) para player2(05)
Mensaje Y / 00:00:00:073 / player2(05) / miss_out /      2.00000 para kingscourt(02)
Mensaje D / 00:00:00:073 / player2(05) / ... para kingscourt(02)
Mensaje Y / 00:00:00:073 / kingscourt(02) / miss /      2.00000 para top(01)
Mensaje X / 00:00:00:073 / kingscourt(02) / miss2 /      2.00000 para playercount(03)
Mensaje X / 00:00:00:073 / kingscourt(02) / miss /      2.00000 para player1(04)
Mensaje X / 00:00:00:073 / kingscourt(02) / miss /      2.00000 para playerking(06)
Mensaje X / 00:00:00:073 / kingscourt(02) / miss /      2.00000 para player3(07)
Mensaje X / 00:00:00:073 / top(01) / miss /      2.00000 para kc(08)
Mensaje D / 00:00:00:073 / playercount(03) / ... para kingscourt(02)
Mensaje D / 00:00:00:073 / player1(04) / ... para kingscourt(02)
Mensaje D / 00:00:00:073 / playerking(06) / ... para kingscourt(02)
Mensaje D / 00:00:00:073 / player3(07) / ... para kingscourt(02)
Mensaje D / 00:00:00:073 / kc(08) / ... para top(01)
Mensaje D / 00:00:00:073 / kingscourt(02) / ... para top(01)
Mensaje D / 00:00:00:073 / top(01) / ... para Root(00)
